<?xml version="1.0" encoding="UTF-8"?>
<!-- Generated by org.testng.reporters.JUnitXMLReporter -->
<testsuite ignored="3" hostname="DESKTOP-SUIP5HI" failures="1" tests="1" name="Surefire test" time="9.003" errors="0" timestamp="2023-05-03T18:09:03 IST">
  <testcase classname="TestngFrameWork.Tests.TestCase" name="Flipkart" time="0.081">
    <failure type="java.lang.NullPointerException" message="Cannot invoke &amp;quot;TestngFrameWork.PageObject.copy.HomePage.getFashionEle()&amp;quot; because &amp;quot;this.HomePage&amp;quot; is null">
      <![CDATA[java.lang.NullPointerException: Cannot invoke "TestngFrameWork.PageObject.copy.HomePage.getFashionEle()" because "this.HomePage" is null
at TestngFrameWork.Tests.TestCase.Flipkart(TestCase.java:28)
at java.base/java.util.ArrayList.forEach(ArrayList.java:1511)
... Removed 30 stack frames]]>
    </failure>
  </testcase> <!-- Flipkart -->
  <testcase classname="TestngFrameWork.Tests.TestCase" name="test5" time="0.0">
    <ignored/>
  </testcase> <!-- test5 -->
  <testcase classname="TestngFrameWork.Tests.TestCase" name="test3" time="0.0">
    <ignored/>
  </testcase> <!-- test3 -->
  <testcase classname="TestngFrameWork.Tests.TestCase" name="test4" time="0.0">
    <ignored/>
  </testcase> <!-- test4 -->
</testsuite> <!-- Surefire test -->
