<?xml version="1.0" encoding="UTF-8"?>
<!-- Generated by org.testng.reporters.JUnitXMLReporter -->
<testsuite ignored="4" hostname="DESKTOP-SUIP5HI" failures="0" tests="1" name="Default test" time="19.793" errors="0" timestamp="2023-05-04T08:17:41 IST">
  <testcase classname="TestngFrameWork.Tests.TestCase" name="test2" time="7.41"/>
  <testcase classname="TestngFrameWork.Tests.TestCase" name="Flipkart" time="0.0">
    <ignored/>
  </testcase> <!-- Flipkart -->
  <testcase classname="TestngFrameWork.Tests.TestCase" name="test4" time="0.0">
    <ignored/>
  </testcase> <!-- test4 -->
  <testcase classname="TestngFrameWork.Tests.TestCase" name="test5" time="0.0">
    <ignored/>
  </testcase> <!-- test5 -->
  <testcase classname="TestngFrameWork.Tests.TestCase" name="test3" time="0.0">
    <ignored/>
  </testcase> <!-- test3 -->
</testsuite> <!-- Default test -->
