<?xml version="1.0" encoding="UTF-8"?>
<!-- Generated by org.testng.reporters.JUnitXMLReporter -->
<testsuite ignored="0" hostname="DESKTOP-SUIP5HI" failures="0" tests="3" name="Ecommerce Test" time="76.353" errors="0" timestamp="2023-03-29T20:29:32 IST">
  <testcase classname="TestngFrameWork.Tests.EcommerceTest" name="Ecommerce" time="21.084"/>
  <testcase classname="TestngFrameWork.Tests.EcommerceTest" name="Ecommerce" time="13.001"/>
  <testcase classname="TestngFrameWork.Tests.EcommerceTest" name="OrderHistoryTest" time="1.053"/>
</testsuite> <!-- Ecommerce Test -->
