<?xml version="1.0" encoding="UTF-8"?>
<!-- Generated by org.testng.reporters.JUnitXMLReporter -->
<testsuite ignored="0" hostname="DESKTOP-SUIP5HI" failures="0" tests="8" name="Ecommerce Test" time="114.037" errors="0" timestamp="2023-04-01T09:40:55 IST">
  <testcase classname="TestngFrameWork.Tests.EcommerceTest" name="Ecommerce" time="21.265"/>
  <testcase classname="TestngFrameWork.Tests.EcommerceTest" name="Ecommerce" time="19.727"/>
  <testcase classname="TestngFrameWork.Tests.EcommerceTest" name="dataExtractionFromParticularRow" time="1.11"/>
  <testcase classname="TestngFrameWork.Tests.EcommerceTest" name="excelDataTest" time="0.002"/>
  <testcase classname="TestngFrameWork.Tests.EcommerceTest" name="excelDataTest" time="0.001"/>
  <testcase classname="TestngFrameWork.Tests.EcommerceTest" name="excelDataTest" time="0.0"/>
  <testcase classname="TestngFrameWork.Tests.EcommerceTest" name="excelDataTest" time="0.001"/>
  <testcase classname="TestngFrameWork.Tests.EcommerceTest" name="OrderHistoryTest" time="0.909"/>
</testsuite> <!-- Ecommerce Test -->
