<?xml version="1.0" encoding="UTF-8"?>
<!-- Generated by org.testng.reporters.JUnitXMLReporter -->
<testsuite ignored="0" hostname="DESKTOP-SUIP5HI" failures="0" tests="2" name="Error Validation test" time="43.649" errors="0" timestamp="2023-04-01T09:39:46 IST">
  <testcase classname="TestngFrameWork.Tests.ErrorValidationTest" name="loginErrorValidation" time="1.113"/>
  <testcase classname="TestngFrameWork.Tests.ErrorValidationTest" name="productErrorValidation" time="14.08"/>
</testsuite> <!-- Error Validation test -->
