<?xml version="1.0" encoding="UTF-8"?>
<testng-results ignored="4" total="5" passed="1" failed="0" skipped="0">
  <reporter-output>
  </reporter-output>
  <suite started-at="2023-05-04T08:17:21 IST" name="Default suite" finished-at="2023-05-04T08:17:40 IST" duration-ms="19793">
    <groups>
    </groups>
    <test started-at="2023-05-04T08:17:21 IST" name="Default test" finished-at="2023-05-04T08:17:40 IST" duration-ms="19793">
      <class name="TestngFrameWork.Tests.TestCase">
        <test-method is-config="true" signature="launchApplication()[pri:0, instance:TestngFrameWork.Tests.TestCase@6b927fb]" started-at="2023-05-04T08:17:21 IST" name="launchApplication" finished-at="2023-05-04T08:17:33 IST" duration-ms="12321" status="PASS">
          <reporter-output>
          </reporter-output>
        </test-method> <!-- launchApplication -->
        <test-method signature="test2()[pri:0, instance:TestngFrameWork.Tests.TestCase@6b927fb]" started-at="2023-05-04T08:17:33 IST" name="test2" finished-at="2023-05-04T08:17:40 IST" duration-ms="7410" status="PASS">
          <reporter-output>
          </reporter-output>
        </test-method> <!-- test2 -->
      </class> <!-- TestngFrameWork.Tests.TestCase -->
    </test> <!-- Default test -->
  </suite> <!-- Default suite -->
</testng-results>
